0 info it worked if it ends with ok
1 verbose cli [ 'C:\\Program Files\\nodejs\\node.exe',
1 verbose cli   'C:\\Program Files\\nodejs\\node_modules\\npm\\bin\\npm-cli.js',
1 verbose cli   'run',
1 verbose cli   'test' ]
2 info using npm@3.10.10
3 info using node@v6.9.5
4 verbose run-script [ 'pretest', 'test', 'posttest' ]
5 info lifecycle theCompanyOfGod@1.0.0~pretest: theCompanyOfGod@1.0.0
6 silly lifecycle theCompanyOfGod@1.0.0~pretest: no script for pretest, continuing
7 info lifecycle theCompanyOfGod@1.0.0~test: theCompanyOfGod@1.0.0
8 verbose lifecycle theCompanyOfGod@1.0.0~test: unsafe-perm in lifecycle true
9 verbose lifecycle theCompanyOfGod@1.0.0~test: PATH: C:\Program Files\nodejs\node_modules\npm\bin\node-gyp-bin;Y:\theCompanyOfGod\node_modules\.bin;C:\ProgramData\Anaconda3;C:\ProgramData\Anaconda3\Library\mingw-w64\bin;C:\ProgramData\Anaconda3\Library\usr\bin;C:\ProgramData\Anaconda3\Library\bin;C:\ProgramData\Anaconda3\Scripts;C:\python36\Scripts\;C:\python36\;C:\ProgramData\Oracle\Java\javapath;C:\Program Files (x86)\Intel\iCLS Client\;C:\Program Files\Intel\iCLS Client\;C:\WINDOWS\system32;C:\WINDOWS;C:\WINDOWS\System32\Wbem;C:\WINDOWS\System32\WindowsPowerShell\v1.0\;C:\Program Files (x86)\Intel\Intel(R) Management Engine Components\DAL;C:\Program Files\Intel\Intel(R) Management Engine Components\DAL;C:\Program Files (x86)\Intel\Intel(R) Management Engine Components\IPT;C:\Program Files\Intel\Intel(R) Management Engine Components\IPT;C:\Program Files\Git\cmd;C:\Program Files\nodejs\;C:\Program Files\Intel\WiFi\bin\;C:\Program Files\Common Files\Intel\WirelessCommon\;C:\Program Files (x86)\GtkSharp\2.12\bin;C:\Program Files\dotnet\;C:\Users\wonny\AppData\Local\Microsoft\WindowsApps;C:\Program Files\Intel\WiFi\bin\;C:\Program Files\Common Files\Intel\WirelessCommon\;C:\Users\wonny\AppData\Local\atom\bin;C:\Users\wonny\AppData\Roaming\npm;C:\Program Files\Bandizip\7z;C:\Program Files (x86)\Microsoft VS Code\bin;C:\Users\wonny\AppData\Local\Microsoft\WindowsApps;
10 verbose lifecycle theCompanyOfGod@1.0.0~test: CWD: Y:\theCompanyOfGod
11 silly lifecycle theCompanyOfGod@1.0.0~test: Args: [ '/d /s /c', 'webpack && node dist/server.js' ]
12 silly lifecycle theCompanyOfGod@1.0.0~test: Returned: code: 2  signal: null
13 info lifecycle theCompanyOfGod@1.0.0~test: Failed to exec test script
14 verbose stack Error: theCompanyOfGod@1.0.0 test: `webpack && node dist/server.js`
14 verbose stack Exit status 2
14 verbose stack     at EventEmitter.<anonymous> (C:\Program Files\nodejs\node_modules\npm\lib\utils\lifecycle.js:255:16)
14 verbose stack     at emitTwo (events.js:106:13)
14 verbose stack     at EventEmitter.emit (events.js:191:7)
14 verbose stack     at ChildProcess.<anonymous> (C:\Program Files\nodejs\node_modules\npm\lib\utils\spawn.js:40:14)
14 verbose stack     at emitTwo (events.js:106:13)
14 verbose stack     at ChildProcess.emit (events.js:191:7)
14 verbose stack     at maybeClose (internal/child_process.js:877:16)
14 verbose stack     at Process.ChildProcess._handle.onexit (internal/child_process.js:226:5)
15 verbose pkgid theCompanyOfGod@1.0.0
16 verbose cwd Y:\theCompanyOfGod
17 error Windows_NT 10.0.15063
18 error argv "C:\\Program Files\\nodejs\\node.exe" "C:\\Program Files\\nodejs\\node_modules\\npm\\bin\\npm-cli.js" "run" "test"
19 error node v6.9.5
20 error npm  v3.10.10
21 error code ELIFECYCLE
22 error theCompanyOfGod@1.0.0 test: `webpack && node dist/server.js`
22 error Exit status 2
23 error Failed at the theCompanyOfGod@1.0.0 test script 'webpack && node dist/server.js'.
23 error Make sure you have the latest version of node.js and npm installed.
23 error If you do, this is most likely a problem with the theCompanyOfGod package,
23 error not with npm itself.
23 error Tell the author that this fails on your system:
23 error     webpack && node dist/server.js
23 error You can get information on how to open an issue for this project with:
23 error     npm bugs theCompanyOfGod
23 error Or if that isn't available, you can get their info via:
23 error     npm owner ls theCompanyOfGod
23 error There is likely additional logging output above.
24 verbose exit [ 1, true ]
